<?xml version="1.0" encoding="UTF-8"?>
<testsuite xmlns:xsi="http://www.w3.org/2001/XMLSchema-instance" xsi:schemaLocation="https://maven.apache.org/surefire/maven-surefire-plugin/xsd/surefire-test-report.xsd" name="TestSuite" time="655.828" tests="10" errors="0" skipped="0" failures="0">
  <properties>
[...]
</properties>
  <testcase name="TC1_invalidLogin" classname="com.SalesForce.Tests.SDFCLoginTest" time="21.645"/>
  <testcase name="TC3_checkRememberMe" classname="com.SalesForce.Tests.SDFCLoginTest" time="52.209"/>
  <testcase name="TC4_forgotPassword" classname="com.SalesForce.Tests.SDFCLoginTest" time="9.945"/>
  <testcase name="TC4B_forgotPassword" classname="com.SalesForce.Tests.SDFCLoginTest" time="11.231"/>
  <testcase name="TC9_logOut" classname="com.SalesForce.Tests.UserMenuDropDownTest" time="53.637"/>
  <testcase name="T14_CreateAccountReport" classname="com.SalesForce.Tests.CreateAccountsTest" time="104.334"/>
  <testcase name="TC19_TestQuarterlySummaryReport" classname="com.SalesForce.Tests.CreateOpportunitiesTest" time="44.055"/>
  <testcase name="TC24_TodayLeadsWork" classname="com.SalesForce.Tests.LeadsTest" time="87.027"/>
  <testcase name="TC32_CreateNewContactsSaveNew" classname="com.SalesForce.Tests.ContactsTest" time="83.14"/>
  <testcase name="T37_BlockEventWeeklyOccurance" classname="com.SalesForce.Tests.RandomTest" time="108.344"/>
</testsuite>