<?xml version="1.0" encoding="UTF-8"?>
<!-- Generated by org.testng.reporters.JUnitXMLReporter -->
<testsuite ignored="39" hostname="DESKTOP-2LVTPIB" failures="0" tests="10" name="Test" time="654.327" errors="0" timestamp="2022-02-13T18:53:43 CST">
  <testcase classname="com.SalesForce.Tests.SDFCLoginTest" name="TC1_invalidLogin" time="21.635"/>
  <testcase classname="com.SalesForce.Tests.SDFCLoginTest" name="TC3_checkRememberMe" time="52.208"/>
  <testcase classname="com.SalesForce.Tests.SDFCLoginTest" name="TC4_forgotPassword" time="9.947"/>
  <testcase classname="com.SalesForce.Tests.SDFCLoginTest" name="TC4B_forgotPassword" time="11.231"/>
  <testcase classname="com.SalesForce.Tests.UserMenuDropDownTest" name="TC9_logOut" time="53.637"/>
  <testcase classname="com.SalesForce.Tests.CreateAccountsTest" name="T14_CreateAccountReport" time="104.336"/>
  <testcase classname="com.SalesForce.Tests.CreateOpportunitiesTest" name="TC19_TestQuarterlySummaryReport" time="44.056"/>
  <testcase classname="com.SalesForce.Tests.LeadsTest" name="TC24_TodayLeadsWork" time="87.026"/>
  <testcase classname="com.SalesForce.Tests.ContactsTest" name="TC32_CreateNewContactsSaveNew" time="83.139"/>
  <testcase classname="com.SalesForce.Tests.RandomTest" name="T37_BlockEventWeeklyOccurance" time="108.342"/>
  <testcase classname="com.SalesForce.Tests.UserMenuDropDownTest" name="TC7_mySettingOption" time="0.0">
    <ignored/>
  </testcase> <!-- TC7_mySettingOption -->
  <testcase classname="com.SalesForce.Tests.CreateOpportunitiesTest" name="T15_Opportunities" time="0.0">
    <ignored/>
  </testcase> <!-- T15_Opportunities -->
  <testcase classname="com.SalesForce.Tests.LeadsTest" name="TC22_LeadsDefaultView" time="0.0">
    <ignored/>
  </testcase> <!-- TC22_LeadsDefaultView -->
  <testcase classname="com.SalesForce.Tests.LeadsTest" name="TC20_LeadsTab" time="0.0">
    <ignored/>
  </testcase> <!-- TC20_LeadsTab -->
  <testcase classname="com.SalesForce.Tests.LeadsTest" name="TC23_TodayLeadsWork" time="0.0">
    <ignored/>
  </testcase> <!-- TC23_TodayLeadsWork -->
  <testcase classname="com.SalesForce.Tests.RandomTest" name="TC34_EditLastName" time="0.0">
    <ignored/>
  </testcase> <!-- TC34_EditLastName -->
  <testcase classname="com.SalesForce.Tests.CreateAccountsTest" name="TC10_CreateAccount" time="0.0">
    <ignored/>
  </testcase> <!-- TC10_CreateAccount -->
  <testcase classname="com.SalesForce.Tests.UserMenuDropDownTest" name="TC6_myProfileOption" time="0.0">
    <ignored/>
  </testcase> <!-- TC6_myProfileOption -->
  <testcase classname="com.SalesForce.Tests.CreateAccountsTest" name="T13_MergeAccounts" time="0.0">
    <ignored/>
  </testcase> <!-- T13_MergeAccounts -->
  <testcase classname="com.SalesForce.Base.BaseTest" name="@AfterTest endUp" time="0.0">
    <ignored/>
  </testcase> <!-- @AfterTest endUp -->
  <testcase classname="com.SalesForce.Base.BaseTest" name="@AfterTest endUp" time="0.0">
    <ignored/>
  </testcase> <!-- @AfterTest endUp -->
  <testcase classname="com.SalesForce.Base.BaseTest" name="@AfterTest endUp" time="0.0">
    <ignored/>
  </testcase> <!-- @AfterTest endUp -->
  <testcase classname="com.SalesForce.Base.BaseTest" name="@AfterTest endUp" time="0.0">
    <ignored/>
  </testcase> <!-- @AfterTest endUp -->
  <testcase classname="com.SalesForce.Base.BaseTest" name="@AfterTest endUp" time="0.0">
    <ignored/>
  </testcase> <!-- @AfterTest endUp -->
  <testcase classname="com.SalesForce.Base.BaseTest" name="@AfterTest endUp" time="0.0">
    <ignored/>
  </testcase> <!-- @AfterTest endUp -->
  <testcase classname="com.SalesForce.Tests.LeadsTest" name="TC21_LeadsDropdown" time="0.0">
    <ignored/>
  </testcase> <!-- TC21_LeadsDropdown -->
  <testcase classname="com.SalesForce.Tests.CreateAccountsTest" name="T12_EditView" time="0.0">
    <ignored/>
  </testcase> <!-- T12_EditView -->
  <testcase classname="com.SalesForce.Base.BaseTest" name="@BeforeTest setUp" time="0.0">
    <ignored/>
  </testcase> <!-- @BeforeTest setUp -->
  <testcase classname="com.SalesForce.Base.BaseTest" name="@BeforeTest setUp" time="0.0">
    <ignored/>
  </testcase> <!-- @BeforeTest setUp -->
  <testcase classname="com.SalesForce.Base.BaseTest" name="@BeforeTest setUp" time="0.0">
    <ignored/>
  </testcase> <!-- @BeforeTest setUp -->
  <testcase classname="com.SalesForce.Base.BaseTest" name="@BeforeTest setUp" time="0.0">
    <ignored/>
  </testcase> <!-- @BeforeTest setUp -->
  <testcase classname="com.SalesForce.Base.BaseTest" name="@BeforeTest setUp" time="0.0">
    <ignored/>
  </testcase> <!-- @BeforeTest setUp -->
  <testcase classname="com.SalesForce.Base.BaseTest" name="@BeforeTest setUp" time="0.0">
    <ignored/>
  </testcase> <!-- @BeforeTest setUp -->
  <testcase classname="com.SalesForce.Tests.ContactsTest" name="TC31_CreateNewViewCancel" time="0.0">
    <ignored/>
  </testcase> <!-- TC31_CreateNewViewCancel -->
  <testcase classname="com.SalesForce.Tests.UserMenuDropDownTest" name="TC8_developerConsole" time="0.0">
    <ignored/>
  </testcase> <!-- TC8_developerConsole -->
  <testcase classname="com.SalesForce.Tests.RandomTest" name="TC33_HomeFirstLastName" time="0.0">
    <ignored/>
  </testcase> <!-- TC33_HomeFirstLastName -->
  <testcase classname="com.SalesForce.Tests.CreateOpportunitiesTest" name="TC17_TestOpportunityPipelineReport" time="0.0">
    <ignored/>
  </testcase> <!-- TC17_TestOpportunityPipelineReport -->
  <testcase classname="com.SalesForce.Tests.CreateOpportunitiesTest" name="TC18_StuckOpportunityPipelineReport" time="0.0">
    <ignored/>
  </testcase> <!-- TC18_StuckOpportunityPipelineReport -->
  <testcase classname="com.SalesForce.Tests.RandomTest" name="TC35_allTabs" time="0.0">
    <ignored/>
  </testcase> <!-- TC35_allTabs -->
  <testcase classname="com.SalesForce.Tests.ContactsTest" name="TC25_CreateNewContacts" time="0.0">
    <ignored/>
  </testcase> <!-- TC25_CreateNewContacts -->
  <testcase classname="com.SalesForce.Tests.ContactsTest" name="TC30_CreateNewView_ErrorMessage" time="0.0">
    <ignored/>
  </testcase> <!-- TC30_CreateNewView_ErrorMessage -->
  <testcase classname="com.SalesForce.Tests.RandomTest" name="T36_BlockEvent" time="0.0">
    <ignored/>
  </testcase> <!-- T36_BlockEvent -->
  <testcase classname="com.SalesForce.Tests.UserMenuDropDownTest" name="TC5_userMenuDropdown" time="0.0">
    <ignored/>
  </testcase> <!-- TC5_userMenuDropdown -->
  <testcase classname="com.SalesForce.Tests.CreateAccountsTest" name="TC11_CreateNewView" time="0.0">
    <ignored/>
  </testcase> <!-- TC11_CreateNewView -->
  <testcase classname="com.SalesForce.Tests.ContactsTest" name="TC27_RecentlyCreatedContacts" time="0.0">
    <ignored/>
  </testcase> <!-- TC27_RecentlyCreatedContacts -->
  <testcase classname="com.SalesForce.Tests.ContactsTest" name="TC26_CreateNewView" time="0.0">
    <ignored/>
  </testcase> <!-- TC26_CreateNewView -->
  <testcase classname="com.SalesForce.Tests.CreateOpportunitiesTest" name="T16_createNewOpportunities" time="0.0">
    <ignored/>
  </testcase> <!-- T16_createNewOpportunities -->
  <testcase classname="com.SalesForce.Tests.ContactsTest" name="TC29_ViewContacts" time="0.0">
    <ignored/>
  </testcase> <!-- TC29_ViewContacts -->
  <testcase classname="com.SalesForce.Tests.ContactsTest" name="TC28_MyContactsView" time="0.0">
    <ignored/>
  </testcase> <!-- TC28_MyContactsView -->
</testsuite> <!-- Test -->
